
19-10-17 02:02:51 [-] LockHandler on Chad(account 1): access type 'examine' changed from 'examine:perm(Admin)' to 'examine:perm(Admin)' 
LockHandler on Chad(account 1): access type 'edit' changed from 'edit:perm(Admin)' to 'edit:perm(Admin)' 
LockHandler on Chad(account 1): access type 'delete' changed from 'delete:perm(Admin)' to 'delete:perm(Admin)' 
LockHandler on Chad(account 1): access type 'boot' changed from 'boot:perm(Admin)' to 'boot:perm(Admin)' 
LockHandler on Chad(account 1): access type 'msg' changed from 'msg:all()' to 'msg:all()' 
LockHandler on Chad(account 1): access type 'noidletimeout' changed from 'noidletimeout:perm(Builder) or perm(noidletimeout)' to 'noidletimeout:perm(Builder) or perm(noidletimeout)'
19-10-17 02:02:51 [-] LockHandler on Chad(account 1): access type 'examine' changed from 'examine:perm(Admin)' to 'examine:perm(Developer)' 
LockHandler on Chad(account 1): access type 'edit' changed from 'edit:perm(Admin)' to 'edit:false()' 
LockHandler on Chad(account 1): access type 'delete' changed from 'delete:perm(Admin)' to 'delete:false()' 
LockHandler on Chad(account 1): access type 'boot' changed from 'boot:perm(Admin)' to 'boot:false()' 
LockHandler on Chad(account 1): access type 'msg' changed from 'msg:all()' to 'msg:all()'
19-10-17 02:02:51 [-] LockHandler on Chad: access type 'get' changed from 'get:all()' to 'get:false()' 
LockHandler on Chad: access type 'call' changed from 'call:true()' to 'call:false()'
19-10-17 02:02:51 [-] LockHandler on Chad: access type 'examine' changed from 'examine:perm(Builder)' to 'examine:perm(Developer)' 
LockHandler on Chad: access type 'edit' changed from 'edit:perm(Admin)' to 'edit:false()' 
LockHandler on Chad: access type 'delete' changed from 'delete:perm(Admin)' to 'delete:false()' 
LockHandler on Chad: access type 'puppet' changed from 'puppet:pperm(Developer)' to 'puppet:false()'
19-10-17 02:02:51 [-] LockHandler on Channel 'MudInfo' (None): access type 'control' changed from 'control:perm(Admin)' to 'control:perm(Developer)' 
LockHandler on Channel 'MudInfo' (None): access type 'listen' changed from 'listen:all()' to 'listen:perm(Admin)' 
LockHandler on Channel 'MudInfo' (None): access type 'send' changed from 'send:all()' to 'send:false()'
19-10-17 02:02:51 [-] LockHandler on Channel 'Public' (None): access type 'control' changed from 'control:perm(Admin)' to 'control:perm(Admin)' 
LockHandler on Channel 'Public' (None): access type 'listen' changed from 'listen:all()' to 'listen:all()' 
LockHandler on Channel 'Public' (None): access type 'send' changed from 'send:all()' to 'send:all()'
19-10-17 02:05:17 [-] LockHandler on Chad: access type 'control' changed from 'control:perm(Developer)' to 'control:perm(Developer)' 
LockHandler on Chad: access type 'examine' changed from 'examine:perm(Developer)' to 'examine:perm(Builder)' 
LockHandler on Chad: access type 'view' changed from 'view:all()' to 'view:all()' 
LockHandler on Chad: access type 'edit' changed from 'edit:false()' to 'edit:perm(Admin)' 
LockHandler on Chad: access type 'delete' changed from 'delete:false()' to 'delete:perm(Admin)' 
LockHandler on Chad: access type 'get' changed from 'get:false()' to 'get:all()' 
LockHandler on Chad: access type 'drop' changed from 'drop:holds()' to 'drop:holds()' 
LockHandler on Chad: access type 'call' changed from 'call:false()' to 'call:true()' 
LockHandler on Chad: access type 'tell' changed from 'tell:perm(Admin)' to 'tell:perm(Admin)' 
LockHandler on Chad: access type 'puppet' changed from 'puppet:false()' to 'puppet:pperm(Developer)'
19-10-17 02:05:17 [-] LockHandler on Chad: access type 'get' changed from 'get:all()' to 'get:false()' 
LockHandler on Chad: access type 'call' changed from 'call:true()' to 'call:false()'
19-10-17 02:06:35 [-] LockHandler on testman: access type 'get' changed from 'get:all()' to 'get:false()' 
LockHandler on testman: access type 'call' changed from 'call:true()' to 'call:false()'
19-10-17 02:06:35 [-] LockHandler on testman: access type 'puppet' changed from 'puppet:pperm(Developer)' to 'puppet:id(3) or pid(2) or perm(Developer) or pperm(Developer)' 
LockHandler on testman: access type 'delete' changed from 'delete:perm(Admin)' to 'delete:id(2) or perm(Admin)'
19-10-17 02:43:30 [-] LockHandler on Chad: access type 'control' changed from 'control:perm(Developer)' to 'control:perm(Developer)' 
LockHandler on Chad: access type 'examine' changed from 'examine:perm(Builder)' to 'examine:perm(Builder)' 
LockHandler on Chad: access type 'view' changed from 'view:all()' to 'view:all()' 
LockHandler on Chad: access type 'edit' changed from 'edit:perm(Admin)' to 'edit:perm(Admin)' 
LockHandler on Chad: access type 'delete' changed from 'delete:perm(Admin)' to 'delete:perm(Admin)' 
LockHandler on Chad: access type 'get' changed from 'get:false()' to 'get:all()' 
LockHandler on Chad: access type 'drop' changed from 'drop:holds()' to 'drop:holds()' 
LockHandler on Chad: access type 'call' changed from 'call:false()' to 'call:true()' 
LockHandler on Chad: access type 'tell' changed from 'tell:perm(Admin)' to 'tell:perm(Admin)' 
LockHandler on Chad: access type 'puppet' changed from 'puppet:pperm(Developer)' to 'puppet:pperm(Developer)'
19-10-17 02:43:30 [-] LockHandler on Chad: access type 'get' changed from 'get:all()' to 'get:false()' 
LockHandler on Chad: access type 'call' changed from 'call:true()' to 'call:false()'
19-10-17 02:51:05 [-] LockHandler on Chad: access type 'control' changed from 'control:perm(Developer)' to 'control:perm(Developer)' 
LockHandler on Chad: access type 'examine' changed from 'examine:perm(Builder)' to 'examine:perm(Builder)' 
LockHandler on Chad: access type 'view' changed from 'view:all()' to 'view:all()' 
LockHandler on Chad: access type 'edit' changed from 'edit:perm(Admin)' to 'edit:perm(Admin)' 
LockHandler on Chad: access type 'delete' changed from 'delete:perm(Admin)' to 'delete:perm(Admin)' 
LockHandler on Chad: access type 'get' changed from 'get:false()' to 'get:all()' 
LockHandler on Chad: access type 'drop' changed from 'drop:holds()' to 'drop:holds()' 
LockHandler on Chad: access type 'call' changed from 'call:false()' to 'call:true()' 
LockHandler on Chad: access type 'tell' changed from 'tell:perm(Admin)' to 'tell:perm(Admin)' 
LockHandler on Chad: access type 'puppet' changed from 'puppet:pperm(Developer)' to 'puppet:pperm(Developer)'
19-10-17 02:51:05 [-] LockHandler on Chad: access type 'get' changed from 'get:all()' to 'get:false()' 
LockHandler on Chad: access type 'call' changed from 'call:true()' to 'call:false()'
19-10-17 02:51:54 [-] LockHandler on Chad: access type 'control' changed from 'control:perm(Developer)' to 'control:perm(Developer)' 
LockHandler on Chad: access type 'examine' changed from 'examine:perm(Builder)' to 'examine:perm(Builder)' 
LockHandler on Chad: access type 'view' changed from 'view:all()' to 'view:all()' 
LockHandler on Chad: access type 'edit' changed from 'edit:perm(Admin)' to 'edit:perm(Admin)' 
LockHandler on Chad: access type 'delete' changed from 'delete:perm(Admin)' to 'delete:perm(Admin)' 
LockHandler on Chad: access type 'get' changed from 'get:false()' to 'get:all()' 
LockHandler on Chad: access type 'drop' changed from 'drop:holds()' to 'drop:holds()' 
LockHandler on Chad: access type 'call' changed from 'call:false()' to 'call:true()' 
LockHandler on Chad: access type 'tell' changed from 'tell:perm(Admin)' to 'tell:perm(Admin)' 
LockHandler on Chad: access type 'puppet' changed from 'puppet:pperm(Developer)' to 'puppet:pperm(Developer)'
19-10-17 02:51:54 [-] LockHandler on Chad: access type 'get' changed from 'get:all()' to 'get:false()' 
LockHandler on Chad: access type 'call' changed from 'call:true()' to 'call:false()'
19-10-17 03:15:51 [-] LockHandler on jimmy: access type 'get' changed from 'get:all()' to 'get:false()' 
LockHandler on jimmy: access type 'call' changed from 'call:true()' to 'call:false()'
19-10-17 03:15:51 [-] LockHandler on jimmy: access type 'puppet' changed from 'puppet:pperm(Developer)' to 'puppet:id(4) or pid(1) or perm(Developer) or pperm(Developer)' 
LockHandler on jimmy: access type 'delete' changed from 'delete:perm(Admin)' to 'delete:id(1) or perm(Admin)'
19-10-19 19:47:19 [-] LockHandler on Testman: access type 'get' changed from 'get:all()' to 'get:false()' 
LockHandler on Testman: access type 'call' changed from 'call:true()' to 'call:false()'
19-10-19 19:47:19 [-] LockHandler on Testman: access type 'puppet' changed from 'puppet:pperm(Developer)' to 'puppet:id(5) or pid(2) or perm(Developer) or pperm(Developer)' 
LockHandler on Testman: access type 'delete' changed from 'delete:perm(Admin)' to 'delete:id(2) or perm(Admin)'
19-10-19 19:48:34 [-] LockHandler on Testman: access type 'get' changed from 'get:all()' to 'get:false()' 
LockHandler on Testman: access type 'call' changed from 'call:true()' to 'call:false()'
19-10-19 19:48:34 [-] LockHandler on Testman: access type 'puppet' changed from 'puppet:pperm(Developer)' to 'puppet:id(6) or pid(2) or perm(Developer) or pperm(Developer)' 
LockHandler on Testman: access type 'delete' changed from 'delete:perm(Admin)' to 'delete:id(2) or perm(Admin)'
19-10-19 19:49:55 [-] LockHandler on Testman: access type 'get' changed from 'get:all()' to 'get:false()' 
LockHandler on Testman: access type 'call' changed from 'call:true()' to 'call:false()'
19-10-19 19:49:55 [-] LockHandler on Testman: access type 'puppet' changed from 'puppet:pperm(Developer)' to 'puppet:id(7) or pid(2) or perm(Developer) or pperm(Developer)' 
LockHandler on Testman: access type 'delete' changed from 'delete:perm(Admin)' to 'delete:id(2) or perm(Admin)'
19-10-19 19:51:27 [-] LockHandler on Testman: access type 'get' changed from 'get:all()' to 'get:false()' 
LockHandler on Testman: access type 'call' changed from 'call:true()' to 'call:false()'
19-10-19 19:51:27 [-] LockHandler on Testman: access type 'puppet' changed from 'puppet:pperm(Developer)' to 'puppet:id(8) or pid(2) or perm(Developer) or pperm(Developer)' 
LockHandler on Testman: access type 'delete' changed from 'delete:perm(Admin)' to 'delete:id(2) or perm(Admin)'
19-10-19 19:57:39 [-] LockHandler on Testman: access type 'get' changed from 'get:all()' to 'get:false()' 
LockHandler on Testman: access type 'call' changed from 'call:true()' to 'call:false()'
19-10-19 19:57:39 [-] LockHandler on Testman: access type 'puppet' changed from 'puppet:pperm(Developer)' to 'puppet:id(9) or pid(2) or perm(Developer) or pperm(Developer)' 
LockHandler on Testman: access type 'delete' changed from 'delete:perm(Admin)' to 'delete:id(2) or perm(Admin)'
19-10-19 20:08:19 [-] LockHandler on testman: access type 'get' changed from 'get:all()' to 'get:false()' 
LockHandler on testman: access type 'call' changed from 'call:true()' to 'call:false()'
19-10-19 20:08:19 [-] LockHandler on testman: access type 'puppet' changed from 'puppet:pperm(Developer)' to 'puppet:id(10) or pid(2) or perm(Developer) or pperm(Developer)' 
LockHandler on testman: access type 'delete' changed from 'delete:perm(Admin)' to 'delete:id(2) or perm(Admin)'
19-10-19 20:27:54 [-] LockHandler on Michael: access type 'get' changed from 'get:all()' to 'get:false()' 
LockHandler on Michael: access type 'call' changed from 'call:true()' to 'call:false()'
19-10-19 20:27:54 [-] LockHandler on Michael: access type 'puppet' changed from 'puppet:pperm(Developer)' to 'puppet:id(11) or pid(2) or perm(Developer) or pperm(Developer)' 
LockHandler on Michael: access type 'delete' changed from 'delete:perm(Admin)' to 'delete:id(2) or perm(Admin)'
19-10-19 20:29:27 [-] LockHandler on jimbo: access type 'get' changed from 'get:all()' to 'get:false()' 
LockHandler on jimbo: access type 'call' changed from 'call:true()' to 'call:false()'
19-10-19 20:29:27 [-] LockHandler on jimbo: access type 'puppet' changed from 'puppet:pperm(Developer)' to 'puppet:id(12) or pid(2) or perm(Developer) or pperm(Developer)' 
LockHandler on jimbo: access type 'delete' changed from 'delete:perm(Admin)' to 'delete:id(2) or perm(Admin)'
19-10-19 20:34:33 [-] LockHandler on testman: access type 'get' changed from 'get:all()' to 'get:false()' 
LockHandler on testman: access type 'call' changed from 'call:true()' to 'call:false()'
19-10-19 20:34:34 [-] LockHandler on testman: access type 'puppet' changed from 'puppet:pperm(Developer)' to 'puppet:id(13) or pid(2) or perm(Developer) or pperm(Developer)' 
LockHandler on testman: access type 'delete' changed from 'delete:perm(Admin)' to 'delete:id(2) or perm(Admin)'
19-10-19 20:36:59 [-] LockHandler on Morus: access type 'get' changed from 'get:all()' to 'get:false()' 
LockHandler on Morus: access type 'call' changed from 'call:true()' to 'call:false()'
19-10-19 20:36:59 [-] LockHandler on Morus: access type 'puppet' changed from 'puppet:pperm(Developer)' to 'puppet:id(14) or pid(2) or perm(Developer) or pperm(Developer)' 
LockHandler on Morus: access type 'delete' changed from 'delete:perm(Admin)' to 'delete:id(2) or perm(Admin)'
19-10-19 20:40:51 [-] LockHandler on Porus: access type 'get' changed from 'get:all()' to 'get:false()' 
LockHandler on Porus: access type 'call' changed from 'call:true()' to 'call:false()'
19-10-19 20:40:51 [-] LockHandler on Porus: access type 'puppet' changed from 'puppet:pperm(Developer)' to 'puppet:id(15) or pid(2) or perm(Developer) or pperm(Developer)' 
LockHandler on Porus: access type 'delete' changed from 'delete:perm(Admin)' to 'delete:id(2) or perm(Admin)'
19-10-19 20:44:20 [-] LockHandler on Jorus: access type 'get' changed from 'get:all()' to 'get:false()' 
LockHandler on Jorus: access type 'call' changed from 'call:true()' to 'call:false()'
19-10-19 20:44:21 [-] LockHandler on Jorus: access type 'puppet' changed from 'puppet:pperm(Developer)' to 'puppet:id(16) or pid(2) or perm(Developer) or pperm(Developer)' 
LockHandler on Jorus: access type 'delete' changed from 'delete:perm(Admin)' to 'delete:id(2) or perm(Admin)'
19-10-19 20:46:24 [-] LockHandler on Jorus: access type 'get' changed from 'get:all()' to 'get:false()' 
LockHandler on Jorus: access type 'call' changed from 'call:true()' to 'call:false()'
19-10-19 20:46:24 [-] LockHandler on Jorus: access type 'puppet' changed from 'puppet:pperm(Developer)' to 'puppet:id(17) or pid(2) or perm(Developer) or pperm(Developer)' 
LockHandler on Jorus: access type 'delete' changed from 'delete:perm(Admin)' to 'delete:id(2) or perm(Admin)'
19-10-19 20:59:10 [-] LockHandler on lemmy: access type 'get' changed from 'get:all()' to 'get:false()' 
LockHandler on lemmy: access type 'call' changed from 'call:true()' to 'call:false()'
19-10-19 20:59:10 [-] LockHandler on lemmy: access type 'puppet' changed from 'puppet:pperm(Developer)' to 'puppet:id(18) or pid(2) or perm(Developer) or pperm(Developer)' 
LockHandler on lemmy: access type 'delete' changed from 'delete:perm(Admin)' to 'delete:id(2) or perm(Admin)'
19-10-19 23:46:13 [-] LockHandler on Stim: access type 'get' changed from 'get:all()' to 'get:false()' 
LockHandler on Stim: access type 'call' changed from 'call:true()' to 'call:false()'
19-10-19 23:46:13 [-] LockHandler on Stim: access type 'puppet' changed from 'puppet:pperm(Developer)' to 'puppet:id(19) or pid(2) or perm(Developer) or pperm(Developer)' 
LockHandler on Stim: access type 'delete' changed from 'delete:perm(Admin)' to 'delete:id(2) or perm(Admin)'
19-10-20 01:05:47 [-] LockHandler on testman: access type 'get' changed from 'get:all()' to 'get:false()' 
LockHandler on testman: access type 'call' changed from 'call:true()' to 'call:false()'
19-10-20 01:05:48 [-] LockHandler on testman: access type 'puppet' changed from 'puppet:pperm(Developer)' to 'puppet:id(20) or pid(2) or perm(Developer) or pperm(Developer)' 
LockHandler on testman: access type 'delete' changed from 'delete:perm(Admin)' to 'delete:id(2) or perm(Admin)'
19-10-20 02:04:39 [-] LockHandler on testman: access type 'get' changed from 'get:all()' to 'get:false()' 
LockHandler on testman: access type 'call' changed from 'call:true()' to 'call:false()'
19-10-20 02:04:39 [-] LockHandler on testman: access type 'puppet' changed from 'puppet:pperm(Developer)' to 'puppet:id(21) or pid(2) or perm(Developer) or pperm(Developer)' 
LockHandler on testman: access type 'delete' changed from 'delete:perm(Admin)' to 'delete:id(2) or perm(Admin)'
19-10-20 02:15:49 [-] LockHandler on testman: access type 'get' changed from 'get:all()' to 'get:false()' 
LockHandler on testman: access type 'call' changed from 'call:true()' to 'call:false()'
19-10-20 02:15:49 [-] LockHandler on testman: access type 'puppet' changed from 'puppet:pperm(Developer)' to 'puppet:id(22) or pid(2) or perm(Developer) or pperm(Developer)' 
LockHandler on testman: access type 'delete' changed from 'delete:perm(Admin)' to 'delete:id(2) or perm(Admin)'
19-10-20 02:35:58 [-] LockHandler on mnig: access type 'get' changed from 'get:all()' to 'get:false()' 
LockHandler on mnig: access type 'call' changed from 'call:true()' to 'call:false()'
19-10-20 02:35:59 [-] LockHandler on mnig: access type 'puppet' changed from 'puppet:pperm(Developer)' to 'puppet:id(23) or pid(2) or perm(Developer) or pperm(Developer)' 
LockHandler on mnig: access type 'delete' changed from 'delete:perm(Admin)' to 'delete:id(2) or perm(Admin)'
19-10-20 02:52:22 [-] LockHandler on nigga: access type 'get' changed from 'get:all()' to 'get:false()' 
LockHandler on nigga: access type 'call' changed from 'call:true()' to 'call:false()'
19-10-20 02:52:22 [-] LockHandler on nigga: access type 'puppet' changed from 'puppet:pperm(Developer)' to 'puppet:id(24) or pid(2) or perm(Developer) or pperm(Developer)' 
LockHandler on nigga: access type 'delete' changed from 'delete:perm(Admin)' to 'delete:id(2) or perm(Admin)'
19-10-20 03:26:39 [-] LockHandler on testman: access type 'get' changed from 'get:all()' to 'get:false()' 
LockHandler on testman: access type 'call' changed from 'call:true()' to 'call:false()'
19-10-20 03:26:39 [-] LockHandler on testman: access type 'puppet' changed from 'puppet:pperm(Developer)' to 'puppet:id(25) or pid(2) or perm(Developer) or pperm(Developer)' 
LockHandler on testman: access type 'delete' changed from 'delete:perm(Admin)' to 'delete:id(2) or perm(Admin)'
19-10-20 03:49:48 [-] LockHandler on Nelly: access type 'get' changed from 'get:all()' to 'get:false()' 
LockHandler on Nelly: access type 'call' changed from 'call:true()' to 'call:false()'
19-10-20 03:49:48 [-] LockHandler on Nelly: access type 'puppet' changed from 'puppet:pperm(Developer)' to 'puppet:id(26) or pid(2) or perm(Developer) or pperm(Developer)' 
LockHandler on Nelly: access type 'delete' changed from 'delete:perm(Admin)' to 'delete:id(2) or perm(Admin)'
19-10-20 03:54:48 [-] LockHandler on man: access type 'get' changed from 'get:all()' to 'get:false()' 
LockHandler on man: access type 'call' changed from 'call:true()' to 'call:false()'
19-10-20 03:54:48 [-] LockHandler on man: access type 'puppet' changed from 'puppet:pperm(Developer)' to 'puppet:id(27) or pid(2) or perm(Developer) or pperm(Developer)' 
LockHandler on man: access type 'delete' changed from 'delete:perm(Admin)' to 'delete:id(2) or perm(Admin)'
19-10-20 04:11:41 [-] LockHandler on kicker: access type 'get' changed from 'get:all()' to 'get:false()' 
LockHandler on kicker: access type 'call' changed from 'call:true()' to 'call:false()'
19-10-20 04:11:41 [-] LockHandler on kicker: access type 'puppet' changed from 'puppet:pperm(Developer)' to 'puppet:id(28) or pid(2) or perm(Developer) or pperm(Developer)' 
LockHandler on kicker: access type 'delete' changed from 'delete:perm(Admin)' to 'delete:id(2) or perm(Admin)'
19-10-20 04:23:47 [-] LockHandler on Mul: access type 'get' changed from 'get:all()' to 'get:false()' 
LockHandler on Mul: access type 'call' changed from 'call:true()' to 'call:false()'
19-10-20 04:23:47 [-] LockHandler on Mul: access type 'puppet' changed from 'puppet:pperm(Developer)' to 'puppet:id(29) or pid(2) or perm(Developer) or pperm(Developer)' 
LockHandler on Mul: access type 'delete' changed from 'delete:perm(Admin)' to 'delete:id(2) or perm(Admin)'
19-10-20 04:24:50 [-] LockHandler on Nelly: access type 'get' changed from 'get:all()' to 'get:false()' 
LockHandler on Nelly: access type 'call' changed from 'call:true()' to 'call:false()'
19-10-20 04:24:50 [-] LockHandler on Nelly: access type 'puppet' changed from 'puppet:pperm(Developer)' to 'puppet:id(30) or pid(2) or perm(Developer) or pperm(Developer)' 
LockHandler on Nelly: access type 'delete' changed from 'delete:perm(Admin)' to 'delete:id(2) or perm(Admin)'
19-10-20 05:40:28 [-] LockHandler on gungan: access type 'get' changed from 'get:all()' to 'get:false()' 
LockHandler on gungan: access type 'call' changed from 'call:true()' to 'call:false()'
19-10-20 05:40:28 [-] LockHandler on gungan: access type 'puppet' changed from 'puppet:pperm(Developer)' to 'puppet:id(31) or pid(2) or perm(Developer) or pperm(Developer)' 
LockHandler on gungan: access type 'delete' changed from 'delete:perm(Admin)' to 'delete:id(2) or perm(Admin)'
19-10-20 05:43:26 [-] LockHandler on sun: access type 'get' changed from 'get:all()' to 'get:false()' 
LockHandler on sun: access type 'call' changed from 'call:true()' to 'call:false()'
19-10-20 05:43:26 [-] LockHandler on sun: access type 'puppet' changed from 'puppet:pperm(Developer)' to 'puppet:id(32) or pid(2) or perm(Developer) or pperm(Developer)' 
LockHandler on sun: access type 'delete' changed from 'delete:perm(Admin)' to 'delete:id(2) or perm(Admin)'
19-10-20 05:58:55 [-] LockHandler on Nelly: access type 'get' changed from 'get:all()' to 'get:false()' 
LockHandler on Nelly: access type 'call' changed from 'call:true()' to 'call:false()'
19-10-20 05:58:55 [-] LockHandler on Nelly: access type 'puppet' changed from 'puppet:pperm(Developer)' to 'puppet:id(33) or pid(2) or perm(Developer) or pperm(Developer)' 
LockHandler on Nelly: access type 'delete' changed from 'delete:perm(Admin)' to 'delete:id(2) or perm(Admin)'
19-10-20 06:48:40 [-] LockHandler on jonny: access type 'get' changed from 'get:all()' to 'get:false()' 
LockHandler on jonny: access type 'call' changed from 'call:true()' to 'call:false()'
19-10-20 06:48:40 [-] LockHandler on jonny: access type 'puppet' changed from 'puppet:pperm(Developer)' to 'puppet:id(34) or pid(2) or perm(Developer) or pperm(Developer)' 
LockHandler on jonny: access type 'delete' changed from 'delete:perm(Admin)' to 'delete:id(2) or perm(Admin)'
19-10-20 06:56:59 [-] LockHandler on Newguy: access type 'get' changed from 'get:all()' to 'get:false()' 
LockHandler on Newguy: access type 'call' changed from 'call:true()' to 'call:false()'
19-10-20 06:56:59 [-] LockHandler on Newguy: access type 'puppet' changed from 'puppet:pperm(Developer)' to 'puppet:id(35) or pid(2) or perm(Developer) or pperm(Developer)' 
LockHandler on Newguy: access type 'delete' changed from 'delete:perm(Admin)' to 'delete:id(2) or perm(Admin)'
19-10-20 06:58:34 [-] LockHandler on newguy: access type 'get' changed from 'get:all()' to 'get:false()' 
LockHandler on newguy: access type 'call' changed from 'call:true()' to 'call:false()'
19-10-20 06:58:34 [-] LockHandler on newguy: access type 'puppet' changed from 'puppet:pperm(Developer)' to 'puppet:id(36) or pid(2) or perm(Developer) or pperm(Developer)' 
LockHandler on newguy: access type 'delete' changed from 'delete:perm(Admin)' to 'delete:id(2) or perm(Admin)'
19-10-20 07:10:07 [-] LockHandler on lilpeep: access type 'get' changed from 'get:all()' to 'get:false()' 
LockHandler on lilpeep: access type 'call' changed from 'call:true()' to 'call:false()'
19-10-20 07:10:07 [-] LockHandler on lilpeep: access type 'puppet' changed from 'puppet:pperm(Developer)' to 'puppet:id(37) or pid(2) or perm(Developer) or pperm(Developer)' 
LockHandler on lilpeep: access type 'delete' changed from 'delete:perm(Admin)' to 'delete:id(2) or perm(Admin)'
19-10-20 09:10:52 [-] LockHandler on ken: access type 'get' changed from 'get:all()' to 'get:false()' 
LockHandler on ken: access type 'call' changed from 'call:true()' to 'call:false()'
19-10-20 09:10:53 [-] LockHandler on ken: access type 'puppet' changed from 'puppet:pperm(Developer)' to 'puppet:id(38) or pid(2) or perm(Developer) or pperm(Developer)' 
LockHandler on ken: access type 'delete' changed from 'delete:perm(Admin)' to 'delete:id(2) or perm(Admin)'
19-10-20 17:00:50 [-] LockHandler on willy: access type 'get' changed from 'get:all()' to 'get:false()' 
LockHandler on willy: access type 'call' changed from 'call:true()' to 'call:false()'
19-10-20 17:00:50 [-] LockHandler on willy: access type 'puppet' changed from 'puppet:pperm(Developer)' to 'puppet:id(39) or pid(2) or perm(Developer) or pperm(Developer)' 
LockHandler on willy: access type 'delete' changed from 'delete:perm(Admin)' to 'delete:id(2) or perm(Admin)'
19-10-25 03:50:52 [-] LockHandler on Mano: access type 'get' changed from 'get:all()' to 'get:false()' 
LockHandler on Mano: access type 'call' changed from 'call:true()' to 'call:false()'
19-10-25 03:50:53 [-] LockHandler on Mano: access type 'puppet' changed from 'puppet:pperm(Developer)' to 'puppet:id(40) or pid(2) or perm(Developer) or pperm(Developer)' 
LockHandler on Mano: access type 'delete' changed from 'delete:perm(Admin)' to 'delete:id(2) or perm(Admin)'
19-10-25 03:54:49 [-] LockHandler on Tester: access type 'get' changed from 'get:all()' to 'get:false()' 
LockHandler on Tester: access type 'call' changed from 'call:true()' to 'call:false()'
19-10-25 03:54:50 [-] LockHandler on Tester: access type 'puppet' changed from 'puppet:pperm(Developer)' to 'puppet:id(41) or pid(2) or perm(Developer) or pperm(Developer)' 
LockHandler on Tester: access type 'delete' changed from 'delete:perm(Admin)' to 'delete:id(2) or perm(Admin)'
19-10-25 03:55:34 [-] LockHandler on heal: access type 'get' changed from 'get:all()' to 'get:false()' 
LockHandler on heal: access type 'call' changed from 'call:true()' to 'call:false()'
19-10-25 03:55:34 [-] LockHandler on heal: access type 'puppet' changed from 'puppet:pperm(Developer)' to 'puppet:id(42) or pid(2) or perm(Developer) or pperm(Developer)' 
LockHandler on heal: access type 'delete' changed from 'delete:perm(Admin)' to 'delete:id(2) or perm(Admin)'